INFO:root:Statred
INFO:root:Statred
INFO:root:N=4 (from [1, 2, 3, 4, 5, 6, 7])
INFO:root:N=1 (from [1, 2, 3, 5, 6, 7])
INFO:root:N=7 (from [2, 3, 5, 6, 7])
INFO:root:N=6 (from [2, 3, 5, 6])
INFO:root:N=2 (from [2, 3, 5])
INFO:root:N=5 (from [3, 5])
INFO:root:N=3 (from [3])
INFO:root:End
INFO:root:Statred
INFO:root:N=12 (from [1, 2, 3, 4, 5, 6, 7, 8, 9, 10, 11, 12, 13])
INFO:root:N=11 (from [1, 2, 3, 4, 5, 6, 7, 8, 9, 10, 11, 13])
INFO:root:N=9 (from [1, 2, 3, 4, 5, 6, 7, 8, 9, 10, 13])
INFO:root:N=5 (from [1, 2, 3, 4, 5, 6, 7, 8, 10, 13])
INFO:root:N=4 (from [1, 2, 3, 4, 6, 7, 8, 10, 13])
INFO:root:N=8 (from [1, 2, 3, 6, 7, 8, 10, 13])
INFO:root:N=3 (from [1, 2, 3, 6, 7, 10, 13])
INFO:root:N=2 (from [1, 2, 6, 7, 10, 13])
INFO:root:N=13 (from [1, 6, 7, 10, 13])
INFO:root:N=7 (from [1, 6, 7, 10])
INFO:root:N=1 (from [1, 6, 10])
INFO:root:N=6 (from [6, 10])
INFO:root:N=10 (from [10])
INFO:root:End
INFO:root:Statred
INFO:root:N=23 (from [1, 2, 3, 4, 5, 6, 7, 8, 9, 10, 11, 12, 13, 14, 15, 16, 17, 18, 19, 20, 21, 22, 23, 24, 25])
INFO:root:N=4 (from [1, 2, 3, 4, 5, 6, 7, 8, 9, 10, 11, 12, 13, 14, 15, 16, 17, 18, 19, 20, 21, 22, 24, 25])
INFO:root:N=5 (from [1, 2, 3, 5, 6, 7, 8, 9, 10, 11, 12, 13, 14, 15, 16, 17, 18, 19, 20, 21, 22, 24, 25])
INFO:root:N=13 (from [1, 2, 3, 6, 7, 8, 9, 10, 11, 12, 13, 14, 15, 16, 17, 18, 19, 20, 21, 22, 24, 25])
INFO:root:N=2 (from [1, 2, 3, 6, 7, 8, 9, 10, 11, 12, 14, 15, 16, 17, 18, 19, 20, 21, 22, 24, 25])
INFO:root:N=11 (from [1, 3, 6, 7, 8, 9, 10, 11, 12, 14, 15, 16, 17, 18, 19, 20, 21, 22, 24, 25])
INFO:root:N=21 (from [1, 3, 6, 7, 8, 9, 10, 12, 14, 15, 16, 17, 18, 19, 20, 21, 22, 24, 25])
INFO:root:N=15 (from [1, 3, 6, 7, 8, 9, 10, 12, 14, 15, 16, 17, 18, 19, 20, 22, 24, 25])
INFO:root:N=10 (from [1, 3, 6, 7, 8, 9, 10, 12, 14, 16, 17, 18, 19, 20, 22, 24, 25])
INFO:root:N=8 (from [1, 3, 6, 7, 8, 9, 12, 14, 16, 17, 18, 19, 20, 22, 24, 25])
INFO:root:N=19 (from [1, 3, 6, 7, 9, 12, 14, 16, 17, 18, 19, 20, 22, 24, 25])
INFO:root:N=20 (from [1, 3, 6, 7, 9, 12, 14, 16, 17, 18, 20, 22, 24, 25])
INFO:root:N=3 (from [1, 3, 6, 7, 9, 12, 14, 16, 17, 18, 22, 24, 25])
INFO:root:N=12 (from [1, 6, 7, 9, 12, 14, 16, 17, 18, 22, 24, 25])
INFO:root:N=25 (from [1, 6, 7, 9, 14, 16, 17, 18, 22, 24, 25])
INFO:root:N=6 (from [1, 6, 7, 9, 14, 16, 17, 18, 22, 24])
INFO:root:N=14 (from [1, 7, 9, 14, 16, 17, 18, 22, 24])
INFO:root:N=7 (from [1, 7, 9, 16, 17, 18, 22, 24])
INFO:root:N=17 (from [1, 9, 16, 17, 18, 22, 24])
INFO:root:N=18 (from [1, 9, 16, 18, 22, 24])
INFO:root:N=16 (from [1, 9, 16, 22, 24])
INFO:root:N=24 (from [1, 9, 22, 24])
INFO:root:N=9 (from [1, 9, 22])
INFO:root:N=22 (from [1, 22])
INFO:root:N=1 (from [1])
INFO:root:End
INFO:root:Statred
INFO:root:N=3 (from [1, 2, 3, 4, 5, 6, 7])
INFO:root:N=2 (from [1, 2, 4, 5, 6, 7])
INFO:root:N=7 (from [1, 4, 5, 6, 7])
INFO:root:N=4 (from [1, 4, 5, 6])
INFO:root:N=6 (from [1, 5, 6])
INFO:root:N=1 (from [1, 5])
INFO:root:N=5 (from [5])
INFO:root:End
INFO:root:Statred
INFO:root:N=3 (from [1, 2, 3, 4, 5, 6, 7])
INFO:root:N=6 (from [1, 2, 4, 5, 6, 7])
INFO:root:N=5 (from [1, 2, 4, 5, 7])
INFO:root:N=2 (from [1, 2, 4, 7])
INFO:root:N=7 (from [1, 4, 7])
INFO:root:N=1 (from [1, 4])
INFO:root:N=4 (from [4])
INFO:root:End
INFO:root:Statred
INFO:root:N=11 (from [1, 2, 3, 4, 5, 6, 7, 8, 9, 10, 11, 12, 13])
INFO:root:N=13 (from [1, 2, 3, 4, 5, 6, 7, 8, 9, 10, 12, 13])
INFO:root:N=10 (from [1, 2, 3, 4, 5, 6, 7, 8, 9, 10, 12])
INFO:root:N=8 (from [1, 2, 3, 4, 5, 6, 7, 8, 9, 12])
INFO:root:N=4 (from [1, 2, 3, 4, 5, 6, 7, 9, 12])
INFO:root:N=1 (from [1, 2, 3, 5, 6, 7, 9, 12])
INFO:root:N=7 (from [2, 3, 5, 6, 7, 9, 12])
INFO:root:N=6 (from [2, 3, 5, 6, 9, 12])
INFO:root:N=12 (from [2, 3, 5, 9, 12])
INFO:root:N=3 (from [2, 3, 5, 9])
INFO:root:N=5 (from [2, 5, 9])
INFO:root:N=2 (from [2, 9])
INFO:root:N=9 (from [9])
INFO:root:End
INFO:root:Statred
INFO:root:N=13 (from [1, 2, 3, 4, 5, 6, 7, 8, 9, 10, 11, 12, 13, 14, 15, 16, 17, 18, 19, 20, 21, 22, 23, 24, 25])
INFO:root:N=5 (from [1, 2, 3, 4, 5, 6, 7, 8, 9, 10, 11, 12, 14, 15, 16, 17, 18, 19, 20, 21, 22, 23, 24, 25])
INFO:root:N=17 (from [1, 2, 3, 4, 6, 7, 8, 9, 10, 11, 12, 14, 15, 16, 17, 18, 19, 20, 21, 22, 23, 24, 25])
INFO:root:N=2 (from [1, 2, 3, 4, 6, 7, 8, 9, 10, 11, 12, 14, 15, 16, 18, 19, 20, 21, 22, 23, 24, 25])
INFO:root:N=15 (from [1, 3, 4, 6, 7, 8, 9, 10, 11, 12, 14, 15, 16, 18, 19, 20, 21, 22, 23, 24, 25])
INFO:root:N=3 (from [1, 3, 4, 6, 7, 8, 9, 10, 11, 12, 14, 16, 18, 19, 20, 21, 22, 23, 24, 25])
INFO:root:N=16 (from [1, 4, 6, 7, 8, 9, 10, 11, 12, 14, 16, 18, 19, 20, 21, 22, 23, 24, 25])
INFO:root:N=8 (from [1, 4, 6, 7, 8, 9, 10, 11, 12, 14, 18, 19, 20, 21, 22, 23, 24, 25])
INFO:root:N=10 (from [1, 4, 6, 7, 9, 10, 11, 12, 14, 18, 19, 20, 21, 22, 23, 24, 25])
INFO:root:N=20 (from [1, 4, 6, 7, 9, 11, 12, 14, 18, 19, 20, 21, 22, 23, 24, 25])
INFO:root:N=12 (from [1, 4, 6, 7, 9, 11, 12, 14, 18, 19, 21, 22, 23, 24, 25])
INFO:root:N=23 (from [1, 4, 6, 7, 9, 11, 14, 18, 19, 21, 22, 23, 24, 25])
INFO:root:N=25 (from [1, 4, 6, 7, 9, 11, 14, 18, 19, 21, 22, 24, 25])
INFO:root:N=21 (from [1, 4, 6, 7, 9, 11, 14, 18, 19, 21, 22, 24])
INFO:root:N=7 (from [1, 4, 6, 7, 9, 11, 14, 18, 19, 22, 24])
INFO:root:N=22 (from [1, 4, 6, 9, 11, 14, 18, 19, 22, 24])
INFO:root:N=24 (from [1, 4, 6, 9, 11, 14, 18, 19, 24])
INFO:root:N=4 (from [1, 4, 6, 9, 11, 14, 18, 19])
INFO:root:N=6 (from [1, 6, 9, 11, 14, 18, 19])
INFO:root:N=18 (from [1, 9, 11, 14, 18, 19])
INFO:root:N=11 (from [1, 9, 11, 14, 19])
INFO:root:N=14 (from [1, 9, 14, 19])
INFO:root:N=1 (from [1, 9, 19])
INFO:root:N=19 (from [9, 19])
INFO:root:N=9 (from [9])
INFO:root:End
